<?xml version="1.0" encoding="UTF-8"?>
<testng-results skipped="0" failed="1" total="12" passed="11">
  <reporter-output>
    <line>
      <![CDATA[Passed : Actual Text:= [Need help?] Expected Text:= [Need help?]]]>
    </line>
    <line>
      <![CDATA[Passed : Actual Text:= [+1 (800) 890–0896] Expected Text:= [+1 (800) 890–0896]]]>
    </line>
    <line>
      <![CDATA[Passed : Actual Text:= [Could not login] Expected Text:= [Could not login]]]>
    </line>
    <line>
      <![CDATA[Passed : Actual Text:= [Could not login] Expected Text:= [Could not login]]]>
    </line>
    <line>
      <![CDATA[Passed : Actual Text:= [Could not login] Expected Text:= [Could not login]]]>
    </line>
  </reporter-output>
  <suite name="Suite" duration-ms="119263" started-at="2020-01-10T10:51:46Z" finished-at="2020-01-10T10:53:45Z">
    <groups>
    </groups>
    <test name="Test" duration-ms="119263" started-at="2020-01-10T10:51:46Z" finished-at="2020-01-10T10:53:45Z">
      <class name="tests.splashTest">
        <test-method status="PASS" signature="setup()[pri:0, instance:tests.splashTest@464bee09]" name="setup" is-config="true" duration-ms="24782" started-at="2020-01-10T16:21:21Z" finished-at="2020-01-10T16:21:46Z">
          <reporter-output>
          </reporter-output>
        </test-method> <!-- setup -->
        <test-method status="PASS" signature="spalshScreens()[pri:0, instance:tests.splashTest@464bee09]" name="spalshScreens" duration-ms="4067" started-at="2020-01-10T16:21:46Z" finished-at="2020-01-10T16:21:50Z">
          <reporter-output>
          </reporter-output>
        </test-method> <!-- spalshScreens -->
        <test-method status="PASS" signature="verifysSplash()[pri:0, instance:tests.splashTest@464bee09]" name="verifysSplash" duration-ms="828" started-at="2020-01-10T16:21:50Z" finished-at="2020-01-10T16:21:51Z">
          <reporter-output>
          </reporter-output>
        </test-method> <!-- verifysSplash -->
        <test-method status="PASS" signature="teardown()[pri:0, instance:tests.splashTest@464bee09]" name="teardown" is-config="true" duration-ms="1988" started-at="2020-01-10T16:23:45Z" finished-at="2020-01-10T16:23:47Z">
          <reporter-output>
          </reporter-output>
        </test-method> <!-- teardown -->
      </class> <!-- tests.splashTest -->
      <class name="tests.loginTest">
        <test-method status="PASS" signature="needHelplink()[pri:0, instance:tests.loginTest@5bcab519]" name="needHelplink" duration-ms="14956" started-at="2020-01-10T16:21:51Z" finished-at="2020-01-10T16:22:06Z">
          <reporter-output>
            <line>
              <![CDATA[Passed : Actual Text:= [Need help?] Expected Text:= [Need help?]]]>
            </line>
            <line>
              <![CDATA[Passed : Actual Text:= [+1 (800) 890–0896] Expected Text:= [+1 (800) 890–0896]]]>
            </line>
          </reporter-output>
        </test-method> <!-- needHelplink -->
        <test-method status="PASS" signature="loginInValidUserInvalidPassword()[pri:0, instance:tests.loginTest@5bcab519]" name="loginInValidUserInvalidPassword" duration-ms="7479" started-at="2020-01-10T16:22:06Z" finished-at="2020-01-10T16:22:13Z">
          <reporter-output>
            <line>
              <![CDATA[Passed : Actual Text:= [Could not login] Expected Text:= [Could not login]]]>
            </line>
          </reporter-output>
        </test-method> <!-- loginInValidUserInvalidPassword -->
        <test-method status="PASS" signature="loginInValidUservalidPasswords()[pri:0, instance:tests.loginTest@5bcab519]" name="loginInValidUservalidPasswords" duration-ms="7887" started-at="2020-01-10T16:22:13Z" finished-at="2020-01-10T16:22:21Z">
          <reporter-output>
            <line>
              <![CDATA[Passed : Actual Text:= [Could not login] Expected Text:= [Could not login]]]>
            </line>
          </reporter-output>
        </test-method> <!-- loginInValidUservalidPasswords -->
        <test-method status="PASS" signature="loginValidUserInvalidPasswords()[pri:0, instance:tests.loginTest@5bcab519]" name="loginValidUserInvalidPasswords" duration-ms="6889" started-at="2020-01-10T16:22:21Z" finished-at="2020-01-10T16:22:28Z">
          <reporter-output>
            <line>
              <![CDATA[Passed : Actual Text:= [Could not login] Expected Text:= [Could not login]]]>
            </line>
          </reporter-output>
        </test-method> <!-- loginValidUserInvalidPasswords -->
        <test-method status="PASS" signature="forgetPasswordLink()[pri:0, instance:tests.loginTest@5bcab519]" name="forgetPasswordLink" duration-ms="6810" started-at="2020-01-10T16:22:28Z" finished-at="2020-01-10T16:22:35Z">
          <reporter-output>
          </reporter-output>
        </test-method> <!-- forgetPasswordLink -->
        <test-method status="PASS" signature="firstLoginTest()[pri:0, instance:tests.loginTest@5bcab519]" name="firstLoginTest" duration-ms="9061" started-at="2020-01-10T16:22:35Z" finished-at="2020-01-10T16:22:44Z">
          <reporter-output>
          </reporter-output>
        </test-method> <!-- firstLoginTest -->
        <test-method status="PASS" signature="loginContinue()[pri:0, instance:tests.loginTest@5bcab519]" name="loginContinue" duration-ms="3386" started-at="2020-01-10T16:22:44Z" finished-at="2020-01-10T16:22:47Z">
          <reporter-output>
          </reporter-output>
        </test-method> <!-- loginContinue -->
      </class> <!-- tests.loginTest -->
      <class name="tests.serviceareaTest">
        <test-method status="PASS" signature="serviceArea()[pri:0, instance:tests.serviceareaTest@7085bdee]" name="serviceArea" duration-ms="33529" started-at="2020-01-10T16:22:47Z" finished-at="2020-01-10T16:23:21Z">
          <reporter-output>
          </reporter-output>
        </test-method> <!-- serviceArea -->
      </class> <!-- tests.serviceareaTest -->
      <class name="tests.helpTest">
        <test-method status="PASS" signature="profilePage()[pri:0, instance:tests.helpTest@6fd02e5]" name="profilePage" duration-ms="11685" started-at="2020-01-10T16:23:33Z" finished-at="2020-01-10T16:23:45Z">
          <reporter-output>
          </reporter-output>
        </test-method> <!-- profilePage -->
      </class> <!-- tests.helpTest -->
      <class name="tests.profileTest">
        <test-method status="FAIL" signature="profilePage()[pri:0, instance:tests.profileTest@5700d6b1]" name="profilePage" duration-ms="12659" started-at="2020-01-10T16:23:21Z" finished-at="2020-01-10T16:23:33Z">
          <exception class="org.openqa.selenium.NoSuchElementException">
            <message>
              <![CDATA[Can't locate an element by this strategy: By.chained({By.id: com.teracode.kolo.staging:id/profile_digest_subscription})]]>
            </message>
            <full-stacktrace>
              <![CDATA[org.openqa.selenium.NoSuchElementException: Can't locate an element by this strategy: By.chained({By.id: com.teracode.kolo.staging:id/profile_digest_subscription})
	at io.appium.java_client.pagefactory.AppiumElementLocator.findElement(AppiumElementLocator.java:126)
	at io.appium.java_client.pagefactory.interceptors.InterceptorOfASingleElement.intercept(InterceptorOfASingleElement.java:59)
	at io.appium.java_client.android.AndroidElement$$EnhancerByCGLIB$$b598166c.click(<generated>)
	at pages.BasePage.click(BasePage.java:24)
	at pages.profilePage.profilePageEdit(profilePage.java:72)
	at tests.profileTest.profilePage(profileTest.java:17)
	at sun.reflect.NativeMethodAccessorImpl.invoke0(Native Method)
	at sun.reflect.NativeMethodAccessorImpl.invoke(NativeMethodAccessorImpl.java:62)
	at sun.reflect.DelegatingMethodAccessorImpl.invoke(DelegatingMethodAccessorImpl.java:43)
	at java.lang.reflect.Method.invoke(Method.java:498)
	at org.testng.internal.MethodInvocationHelper.invokeMethod(MethodInvocationHelper.java:80)
	at org.testng.internal.Invoker.invokeMethod(Invoker.java:714)
	at org.testng.internal.Invoker.invokeTestMethod(Invoker.java:901)
	at org.testng.internal.Invoker.invokeTestMethods(Invoker.java:1231)
	at org.testng.internal.TestMethodWorker.invokeTestMethods(TestMethodWorker.java:127)
	at org.testng.internal.TestMethodWorker.run(TestMethodWorker.java:111)
	at org.testng.TestRunner.privateRun(TestRunner.java:767)
	at org.testng.TestRunner.run(TestRunner.java:617)
	at org.testng.SuiteRunner.runTest(SuiteRunner.java:334)
	at org.testng.SuiteRunner.runSequentially(SuiteRunner.java:329)
	at org.testng.SuiteRunner.privateRun(SuiteRunner.java:291)
	at org.testng.SuiteRunner.run(SuiteRunner.java:240)
	at org.testng.SuiteRunnerWorker.runSuite(SuiteRunnerWorker.java:52)
	at org.testng.SuiteRunnerWorker.run(SuiteRunnerWorker.java:86)
	at org.testng.TestNG.runSuitesSequentially(TestNG.java:1198)
	at org.testng.TestNG.runSuitesLocally(TestNG.java:1123)
	at org.testng.TestNG.run(TestNG.java:1031)
	at org.testng.remote.AbstractRemoteTestNG.run(AbstractRemoteTestNG.java:114)
	at org.testng.remote.RemoteTestNG.initAndRun(RemoteTestNG.java:251)
	at org.testng.remote.RemoteTestNG.main(RemoteTestNG.java:77)
Caused by: org.openqa.selenium.TimeoutException: Expected condition failed: waiting for io.appium.java_client.pagefactory.AppiumElementLocator$WaitingFunction@74cec793 (tried for 1 second(s) with 500 milliseconds interval)
	at org.openqa.selenium.support.ui.FluentWait.timeoutException(FluentWait.java:266)
	at org.openqa.selenium.support.ui.FluentWait.until(FluentWait.java:234)
	at io.appium.java_client.pagefactory.AppiumElementLocator.waitFor(AppiumElementLocator.java:99)
	at io.appium.java_client.pagefactory.AppiumElementLocator.findElement(AppiumElementLocator.java:119)
	... 29 more
Caused by: org.openqa.selenium.NoSuchElementException: Cannot locate an element using By.chained({By.id: com.teracode.kolo.staging:id/profile_digest_subscription})
For documentation on this error, please visit: https://www.seleniumhq.org/exceptions/no_such_element.html
Build info: version: '3.141.59', revision: 'e82be7d358', time: '2018-11-14T08:17:03'
System info: host: 'GURWUNI112103', ip: '172.19.120.55', os.name: 'Windows 10', os.arch: 'amd64', os.version: '10.0', java.version: '1.8.0_201'
Driver info: driver.version: AppiumDriver
	at io.appium.java_client.pagefactory.bys.builder.ByChained.findElement(ByChained.java:74)
	at org.openqa.selenium.remote.RemoteWebDriver.findElement(RemoteWebDriver.java:315)
	at io.appium.java_client.DefaultGenericMobileDriver.findElement(DefaultGenericMobileDriver.java:57)
	at io.appium.java_client.AppiumDriver.findElement(AppiumDriver.java:1)
	at io.appium.java_client.pagefactory.bys.ContentMappedBy.findElement(ContentMappedBy.java:50)
	at org.openqa.selenium.remote.RemoteWebDriver.findElement(RemoteWebDriver.java:315)
	at io.appium.java_client.DefaultGenericMobileDriver.findElement(DefaultGenericMobileDriver.java:57)
	at io.appium.java_client.AppiumDriver.findElement(AppiumDriver.java:1)
	at io.appium.java_client.pagefactory.AppiumElementLocator.lambda$0(AppiumElementLocator.java:120)
	at io.appium.java_client.pagefactory.AppiumElementLocator$WaitingFunction.apply(AppiumElementLocator.java:172)
	at io.appium.java_client.pagefactory.AppiumElementLocator$WaitingFunction.apply(AppiumElementLocator.java:1)
	at org.openqa.selenium.support.ui.FluentWait.until(FluentWait.java:211)
	... 31 more
]]>
            </full-stacktrace>
          </exception> <!-- org.openqa.selenium.NoSuchElementException -->
          <reporter-output>
          </reporter-output>
        </test-method> <!-- profilePage -->
      </class> <!-- tests.profileTest -->
    </test> <!-- Test -->
  </suite> <!-- Suite -->
</testng-results>
