<?xml version="1.0" encoding="UTF-8"?>
<!-- Generated by org.testng.reporters.JUnitXMLReporter -->
<testsuite hostname="GURWUNI112103" name="Test" tests="12" failures="1" timestamp="10 Jan 2020 10:53:45 GMT" time="119.263" errors="0">
  <testcase name="spalshScreens" time="4.067" classname="tests.splashTest"/>
  <testcase name="verifysSplash" time="0.828" classname="tests.splashTest"/>
  <testcase name="needHelplink" time="14.956" classname="tests.loginTest"/>
  <testcase name="loginInValidUserInvalidPassword" time="7.479" classname="tests.loginTest"/>
  <testcase name="loginInValidUservalidPasswords" time="7.887" classname="tests.loginTest"/>
  <testcase name="loginValidUserInvalidPasswords" time="6.889" classname="tests.loginTest"/>
  <testcase name="forgetPasswordLink" time="6.81" classname="tests.loginTest"/>
  <testcase name="firstLoginTest" time="9.061" classname="tests.loginTest"/>
  <testcase name="loginContinue" time="3.386" classname="tests.loginTest"/>
  <testcase name="serviceArea" time="33.529" classname="tests.serviceareaTest"/>
  <testcase name="profilePage" time="12.659" classname="tests.profileTest">
    <failure type="org.openqa.selenium.NoSuchElementException" message="Can&amp;apos;t locate an element by this strategy: By.chained({By.id: com.teracode.kolo.staging:id/profile_digest_subscription})">
      <![CDATA[org.openqa.selenium.NoSuchElementException: Can't locate an element by this strategy: By.chained({By.id: com.teracode.kolo.staging:id/profile_digest_subscription})
	at io.appium.java_client.pagefactory.AppiumElementLocator.findElement(AppiumElementLocator.java:126)
	at io.appium.java_client.pagefactory.interceptors.InterceptorOfASingleElement.intercept(InterceptorOfASingleElement.java:59)
	at io.appium.java_client.android.AndroidElement$$EnhancerByCGLIB$$b598166c.click(<generated>)
	at pages.BasePage.click(BasePage.java:24)
	at pages.profilePage.profilePageEdit(profilePage.java:72)
	at tests.profileTest.profilePage(profileTest.java:17)
Caused by: org.openqa.selenium.TimeoutException: Expected condition failed: waiting for io.appium.java_client.pagefactory.AppiumElementLocator$WaitingFunction@74cec793 (tried for 1 second(s) with 500 milliseconds interval)
	at org.openqa.selenium.support.ui.FluentWait.timeoutException(FluentWait.java:266)
	at org.openqa.selenium.support.ui.FluentWait.until(FluentWait.java:234)
	at io.appium.java_client.pagefactory.AppiumElementLocator.waitFor(AppiumElementLocator.java:99)
	at io.appium.java_client.pagefactory.AppiumElementLocator.findElement(AppiumElementLocator.java:119)
	... 29 more
Caused by: org.openqa.selenium.NoSuchElementException: Cannot locate an element using By.chained({By.id: com.teracode.kolo.staging:id/profile_digest_subscription})
For documentation on this error, please visit: https://www.seleniumhq.org/exceptions/no_such_element.html
Build info: version: '3.141.59', revision: 'e82be7d358', time: '2018-11-14T08:17:03'
System info: host: 'GURWUNI112103', ip: '172.19.120.55', os.name: 'Windows 10', os.arch: 'amd64', os.version: '10.0', java.version: '1.8.0_201'
Driver info: driver.version: AppiumDriver
	at io.appium.java_client.pagefactory.bys.builder.ByChained.findElement(ByChained.java:74)
	at org.openqa.selenium.remote.RemoteWebDriver.findElement(RemoteWebDriver.java:315)
	at io.appium.java_client.DefaultGenericMobileDriver.findElement(DefaultGenericMobileDriver.java:57)
	at io.appium.java_client.AppiumDriver.findElement(AppiumDriver.java:1)
	at io.appium.java_client.pagefactory.bys.ContentMappedBy.findElement(ContentMappedBy.java:50)
	at org.openqa.selenium.remote.RemoteWebDriver.findElement(RemoteWebDriver.java:315)
	at io.appium.java_client.DefaultGenericMobileDriver.findElement(DefaultGenericMobileDriver.java:57)
	at io.appium.java_client.AppiumDriver.findElement(AppiumDriver.java:1)
	at io.appium.java_client.pagefactory.AppiumElementLocator.lambda$0(AppiumElementLocator.java:120)
	at io.appium.java_client.pagefactory.AppiumElementLocator$WaitingFunction.apply(AppiumElementLocator.java:172)
	at io.appium.java_client.pagefactory.AppiumElementLocator$WaitingFunction.apply(AppiumElementLocator.java:1)
	at org.openqa.selenium.support.ui.FluentWait.until(FluentWait.java:211)
	... 31 more
... Removed 24 stack frames]]>
    </failure>
  </testcase> <!-- profilePage -->
  <testcase name="profilePage" time="11.685" classname="tests.helpTest"/>
</testsuite> <!-- Test -->
